\BOOKMARK [1][-]{section.1}{Algorithms}{}% 1
\BOOKMARK [1][-]{section.2}{Getting Started}{}% 2
\BOOKMARK [2][-]{subsection.2.1}{Insertion Sort}{section.2}% 3
\BOOKMARK [3][-]{subsubsection.2.1.1}{Exercises}{subsection.2.1}% 4
\BOOKMARK [2][-]{subsection.2.2}{Algorithm Analysis}{section.2}% 5
\BOOKMARK [3][-]{subsubsection.2.2.1}{Exercises}{subsection.2.2}% 6
\BOOKMARK [2][-]{subsection.2.3}{Merge Sort}{section.2}% 7
\BOOKMARK [2][-]{subsection.2.4}{Running Time of Merge Sort}{section.2}% 8
\BOOKMARK [3][-]{subsubsection.2.4.1}{Exercises}{subsection.2.4}% 9
\BOOKMARK [2][-]{subsection.2.5}{Problems}{section.2}% 10
\BOOKMARK [1][-]{section.3}{Growth of Functions}{}% 11
\BOOKMARK [2][-]{subsection.3.1}{Asymptotic Notation}{section.3}% 12
\BOOKMARK [3][-]{subsubsection.3.1.1}{-notation}{subsection.3.1}% 13
\BOOKMARK [3][-]{subsubsection.3.1.2}{O-notation}{subsection.3.1}% 14
\BOOKMARK [3][-]{subsubsection.3.1.3}{-notation}{subsection.3.1}% 15
\BOOKMARK [3][-]{subsubsection.3.1.4}{Notes on Notation}{subsection.3.1}% 16
\BOOKMARK [3][-]{subsubsection.3.1.5}{o-notation}{subsection.3.1}% 17
\BOOKMARK [3][-]{subsubsection.3.1.6}{-notation}{subsection.3.1}% 18
\BOOKMARK [3][-]{subsubsection.3.1.7}{Exercises}{subsection.3.1}% 19
\BOOKMARK [2][-]{subsection.3.2}{Stardard Notations and Common Functions}{section.3}% 20
\BOOKMARK [3][-]{subsubsection.3.2.1}{Logarithms}{subsection.3.2}% 21
\BOOKMARK [3][-]{subsubsection.3.2.2}{Factorials}{subsection.3.2}% 22
\BOOKMARK [3][-]{subsubsection.3.2.3}{Functional Iteration}{subsection.3.2}% 23
\BOOKMARK [3][-]{subsubsection.3.2.4}{Exercises}{subsection.3.2}% 24
